<?xml version="1.0" encoding="UTF-8"?>
<testng-results skipped="0" failed="0" ignored="0" total="1" passed="1">
  <reporter-output>
  </reporter-output>
  <suite name="Default suite" duration-ms="139787" started-at="2019-03-05T04:11:39Z" finished-at="2019-03-05T04:13:58Z">
    <groups>
    </groups>
    <test name="Default test" duration-ms="139787" started-at="2019-03-05T04:11:39Z" finished-at="2019-03-05T04:13:58Z">
      <class name="com.qa.HubSpot.tests.LoginTest">
        <test-method status="PASS" signature="loginTest()[pri:0, instance:com.qa.HubSpot.tests.LoginTest@6093dd95]" name="loginTest" duration-ms="139538" started-at="2019-03-05T04:11:39Z" finished-at="2019-03-05T04:13:58Z">
          <reporter-output>
          </reporter-output>
        </test-method> <!-- loginTest -->
      </class> <!-- com.qa.HubSpot.tests.LoginTest -->
    </test> <!-- Default test -->
  </suite> <!-- Default suite -->
</testng-results>
